<?xml version="1.0" encoding="UTF-8"?>
<!-- Generated by org.testng.reporters.JUnitReportReporter -->
<testsuite hostname="gk" failures="0" tests="4" name="day42.OrangeHRM" time="9.502" errors="0" timestamp="2024-09-08T13:37:33 IST" skipped="0">
  <testcase classname="day42.OrangeHRM" name="openApp" time="4.674"/>
  <testcase classname="day42.OrangeHRM" name="testLogo" time="3.075"/>
  <testcase classname="day42.OrangeHRM" name="login" time="1.579"/>
  <testcase classname="day42.OrangeHRM" name="logout" time="0.174"/>
</testsuite> <!-- day42.OrangeHRM -->
