<?xml version="1.0" encoding="UTF-8"?>
<!-- Generated by org.testng.reporters.JUnitReportReporter -->
<testsuite hostname="gk" failures="0" tests="2" name="day43.AllAnnotaions" time="0.009" errors="0" timestamp="2024-09-26T22:19:59 IST" skipped="0">
  <testcase classname="day43.AllAnnotaions" name="tm1" time="0.006"/>
  <testcase classname="day43.AllAnnotaions" name="tm2" time="0.003"/>
</testsuite> <!-- day43.AllAnnotaions -->
