<?xml version="1.0" encoding="UTF-8"?>
<!-- Generated by org.testng.reporters.JUnitReportReporter -->
<testsuite hostname="gk" failures="0" tests="3" name="day44.SignupTests" time="0.005" errors="0" timestamp="2024-09-29T13:45:47 IST" skipped="0">
  <testcase classname="day44.SignupTests" name="signupbyemail" time="0.002"/>
  <testcase classname="day44.SignupTests" name="signupbytwitter" time="0.001"/>
  <testcase classname="day44.SignupTests" name="signupbyfacebook" time="0.002"/>
</testsuite> <!-- day44.SignupTests -->
