<?xml version="1.0" encoding="UTF-8"?>
<!-- Generated by org.testng.reporters.JUnitReportReporter -->
<testsuite hostname="gk" failures="0" tests="1" name="day47.LoginTest" time="2.840" errors="0" timestamp="2024-10-06T11:49:29 IST" skipped="0">
  <testcase classname="day47.LoginTest" name="testLogin" time="2.840"/>
</testsuite> <!-- day47.LoginTest -->
