<?xml version="1.0" encoding="UTF-8"?>
<!-- Generated by org.testng.reporters.JUnitReportReporter -->
<testsuite hostname="gk" failures="0" tests="3" name="day42.FirstTest" time="0.008" errors="0" timestamp="2024-09-08T13:37:33 IST" skipped="0">
  <testcase classname="day42.FirstTest" name="openApp" time="0.002"/>
  <testcase classname="day42.FirstTest" name="login" time="0.004"/>
  <testcase classname="day42.FirstTest" name="logout" time="0.002"/>
</testsuite> <!-- day42.FirstTest -->
